This mapping 'snapshot_20171003' was designed for MC 1.12! Use at your own peril.This mapping 'snapshot_20171003' was designed for MC 1.12! Use at your own peril.

:deobfCompileDummyTask
:deobfProvidedDummyTask
:sourceApiJava
:compileApiJava UP-TO-DATE
:processApiResources UP-TO-DATE
:apiClasses UP-TO-DATE
:sourceMainJava
:compileJavaNote: Some input files use or override a deprecated API.
Note: Recompile with -Xlint:deprecation for details.

:processResources
:classes
:jar
:sourceTestJava
:compileTestJava UP-TO-DATE
:processTestResources UP-TO-DATE
:testClasses UP-TO-DATE
:test UP-TO-DATE
:extractMcpData SKIPPED
:extractMcpMappings SKIPPED
:getVersionJson
:extractUserdev UP-TO-DATE
:genSrgs SKIPPED
:reobfJar
:extractAnnotationsJar
:assemble
:check UP-TO-DATE
:build

BUILD SUCCESSFUL

Total time: 4.518 secs
